[debug] [2023-06-02T17:43:00.787Z] ----------------------------------------------------------------------
[debug] [2023-06-02T17:43:00.790Z] Command:       C:\Program Files\nodejs\node.exe C:\Users\Vaibh\AppData\Roaming\npm\node_modules\firebase-tools\lib\bin\firebase.js init
[debug] [2023-06-02T17:43:00.790Z] CLI Version:   12.3.0
[debug] [2023-06-02T17:43:00.791Z] Platform:      win32
[debug] [2023-06-02T17:43:00.791Z] Node Version:  v16.17.1
[debug] [2023-06-02T17:43:00.792Z] Time:          Fri Jun 02 2023 23:13:00 GMT+0530 (India Standard Time)
[debug] [2023-06-02T17:43:00.793Z] ----------------------------------------------------------------------
[debug] 
[debug] [2023-06-02T17:43:00.909Z] > command requires scopes: ["email","openid","https://www.googleapis.com/auth/cloudplatformprojects.readonly","https://www.googleapis.com/auth/firebase","https://www.googleapis.com/auth/cloud-platform"]
[debug] [2023-06-02T17:43:00.909Z] > authorizing via signed-in user (vaibhavkhute2212@gmail.com)
[info] 
     ######## #### ########  ######## ########     ###     ######  ########
     ##        ##  ##     ## ##       ##     ##  ##   ##  ##       ##
     ######    ##  ########  ######   ########  #########  ######  ######
     ##        ##  ##    ##  ##       ##     ## ##     ##       ## ##
     ##       #### ##     ## ######## ########  ##     ##  ######  ########

You're about to initialize a Firebase project in this directory:

  E:\FullStack-Projects\Assignment 7 final\post

Before we get started, keep in mind:

  * You are initializing within an existing Firebase project directory

